<?xml version="1.0" encoding="UTF-8"?>
<testsuite xmlns:xsi="http://www.w3.org/2001/XMLSchema-instance" xsi:noNamespaceSchemaLocation="https://maven.apache.org/surefire/maven-surefire-plugin/xsd/surefire-test-report.xsd" name="com.cpgp.grpcproject.GrpcProjectApplicationTests" time="8.287" tests="1" errors="0" skipped="0" failures="0">
  <properties>
    <property name="sun.desktop" value="gnome"/>
    <property name="awt.toolkit" value="sun.awt.X11.XToolkit"/>
    <property name="java.specification.version" value="11"/>
    <property name="sun.cpu.isalist" value=""/>
    <property name="sun.jnu.encoding" value="UTF-8"/>
    <property name="java.class.path" value="/home/carlos/Documents/projects/grpc-project/greeting-service/target/test-classes:/home/carlos/Documents/projects/grpc-project/greeting-service/target/classes:/home/carlos/.m2/repository/net/devh/grpc-server-spring-boot-starter/2.13.1.RELEASE/grpc-server-spring-boot-starter-2.13.1.RELEASE.jar:/home/carlos/.m2/repository/net/devh/grpc-server-spring-boot-autoconfigure/2.13.1.RELEASE/grpc-server-spring-boot-autoconfigure-2.13.1.RELEASE.jar:/home/carlos/.m2/repository/net/devh/grpc-common-spring-boot/2.13.1.RELEASE/grpc-common-spring-boot-2.13.1.RELEASE.jar:/home/carlos/.m2/repository/io/grpc/grpc-core/1.42.2/grpc-core-1.42.2.jar:/home/carlos/.m2/repository/com/google/code/gson/gson/2.9.1/gson-2.9.1.jar:/home/carlos/.m2/repository/com/google/android/annotations/4.1.1.4/annotations-4.1.1.4.jar:/home/carlos/.m2/repository/io/grpc/grpc-netty-shaded/1.42.2/grpc-netty-shaded-1.42.2.jar:/home/carlos/.m2/repository/io/perfmark/perfmark-api/0.23.0/perfmark-api-0.23.0.jar:/home/carlos/.m2/repository/io/grpc/grpc-services/1.42.2/grpc-services-1.42.2.jar:/home/carlos/.m2/repository/com/google/protobuf/protobuf-java-util/3.18.2/protobuf-java-util-3.18.2.jar:/home/carlos/.m2/repository/io/grpc/grpc-api/1.42.2/grpc-api-1.42.2.jar:/home/carlos/.m2/repository/io/grpc/grpc-context/1.42.2/grpc-context-1.42.2.jar:/home/carlos/.m2/repository/com/cpgp/greeting-common/0.0.1-SNAPSHOT/greeting-common-0.0.1-SNAPSHOT.jar:/home/carlos/.m2/repository/io/grpc/grpc-stub/1.35.0/grpc-stub-1.35.0.jar:/home/carlos/.m2/repository/com/google/guava/guava/30.0-android/guava-30.0-android.jar:/home/carlos/.m2/repository/com/google/guava/failureaccess/1.0.1/failureaccess-1.0.1.jar:/home/carlos/.m2/repository/com/google/guava/listenablefuture/9999.0-empty-to-avoid-conflict-with-guava/listenablefuture-9999.0-empty-to-avoid-conflict-with-guava.jar:/home/carlos/.m2/repository/org/checkerframework/checker-compat-qual/2.5.5/checker-compat-qual-2.5.5.jar:/home/carlos/.m2/repository/com/google/j2objc/j2objc-annotations/1.3/j2objc-annotations-1.3.jar:/home/carlos/.m2/repository/com/google/errorprone/error_prone_annotations/2.4.0/error_prone_annotations-2.4.0.jar:/home/carlos/.m2/repository/org/codehaus/mojo/animal-sniffer-annotations/1.19/animal-sniffer-annotations-1.19.jar:/home/carlos/.m2/repository/com/google/code/findbugs/jsr305/3.0.2/jsr305-3.0.2.jar:/home/carlos/.m2/repository/io/grpc/grpc-protobuf/1.35.0/grpc-protobuf-1.35.0.jar:/home/carlos/.m2/repository/com/google/protobuf/protobuf-java/3.12.0/protobuf-java-3.12.0.jar:/home/carlos/.m2/repository/com/google/api/grpc/proto-google-common-protos/2.0.1/proto-google-common-protos-2.0.1.jar:/home/carlos/.m2/repository/io/grpc/grpc-protobuf-lite/1.35.0/grpc-protobuf-lite-1.35.0.jar:/home/carlos/.m2/repository/org/projectlombok/lombok/1.18.26/lombok-1.18.26.jar:/home/carlos/.m2/repository/org/springframework/boot/spring-boot-starter-test/2.7.12/spring-boot-starter-test-2.7.12.jar:/home/carlos/.m2/repository/org/springframework/boot/spring-boot-starter/2.7.12/spring-boot-starter-2.7.12.jar:/home/carlos/.m2/repository/org/springframework/boot/spring-boot/2.7.12/spring-boot-2.7.12.jar:/home/carlos/.m2/repository/org/springframework/spring-context/5.3.27/spring-context-5.3.27.jar:/home/carlos/.m2/repository/org/springframework/spring-aop/5.3.27/spring-aop-5.3.27.jar:/home/carlos/.m2/repository/org/springframework/spring-beans/5.3.27/spring-beans-5.3.27.jar:/home/carlos/.m2/repository/org/springframework/spring-expression/5.3.27/spring-expression-5.3.27.jar:/home/carlos/.m2/repository/org/springframework/boot/spring-boot-autoconfigure/2.7.12/spring-boot-autoconfigure-2.7.12.jar:/home/carlos/.m2/repository/org/springframework/boot/spring-boot-starter-logging/2.7.12/spring-boot-starter-logging-2.7.12.jar:/home/carlos/.m2/repository/ch/qos/logback/logback-classic/1.2.12/logback-classic-1.2.12.jar:/home/carlos/.m2/repository/ch/qos/logback/logback-core/1.2.12/logback-core-1.2.12.jar:/home/carlos/.m2/repository/org/apache/logging/log4j/log4j-to-slf4j/2.17.2/log4j-to-slf4j-2.17.2.jar:/home/carlos/.m2/repository/org/apache/logging/log4j/log4j-api/2.17.2/log4j-api-2.17.2.jar:/home/carlos/.m2/repository/org/slf4j/jul-to-slf4j/1.7.36/jul-to-slf4j-1.7.36.jar:/home/carlos/.m2/repository/jakarta/annotation/jakarta.annotation-api/1.3.5/jakarta.annotation-api-1.3.5.jar:/home/carlos/.m2/repository/org/yaml/snakeyaml/1.30/snakeyaml-1.30.jar:/home/carlos/.m2/repository/org/springframework/boot/spring-boot-test/2.7.12/spring-boot-test-2.7.12.jar:/home/carlos/.m2/repository/org/springframework/boot/spring-boot-test-autoconfigure/2.7.12/spring-boot-test-autoconfigure-2.7.12.jar:/home/carlos/.m2/repository/com/jayway/jsonpath/json-path/2.7.0/json-path-2.7.0.jar:/home/carlos/.m2/repository/net/minidev/json-smart/2.4.11/json-smart-2.4.11.jar:/home/carlos/.m2/repository/net/minidev/accessors-smart/2.4.11/accessors-smart-2.4.11.jar:/home/carlos/.m2/repository/org/ow2/asm/asm/9.3/asm-9.3.jar:/home/carlos/.m2/repository/org/slf4j/slf4j-api/1.7.36/slf4j-api-1.7.36.jar:/home/carlos/.m2/repository/jakarta/xml/bind/jakarta.xml.bind-api/2.3.3/jakarta.xml.bind-api-2.3.3.jar:/home/carlos/.m2/repository/jakarta/activation/jakarta.activation-api/1.2.2/jakarta.activation-api-1.2.2.jar:/home/carlos/.m2/repository/org/assertj/assertj-core/3.22.0/assertj-core-3.22.0.jar:/home/carlos/.m2/repository/org/hamcrest/hamcrest/2.2/hamcrest-2.2.jar:/home/carlos/.m2/repository/org/junit/jupiter/junit-jupiter/5.8.2/junit-jupiter-5.8.2.jar:/home/carlos/.m2/repository/org/junit/jupiter/junit-jupiter-api/5.8.2/junit-jupiter-api-5.8.2.jar:/home/carlos/.m2/repository/org/opentest4j/opentest4j/1.2.0/opentest4j-1.2.0.jar:/home/carlos/.m2/repository/org/junit/platform/junit-platform-commons/1.8.2/junit-platform-commons-1.8.2.jar:/home/carlos/.m2/repository/org/apiguardian/apiguardian-api/1.1.2/apiguardian-api-1.1.2.jar:/home/carlos/.m2/repository/org/junit/jupiter/junit-jupiter-params/5.8.2/junit-jupiter-params-5.8.2.jar:/home/carlos/.m2/repository/org/junit/jupiter/junit-jupiter-engine/5.8.2/junit-jupiter-engine-5.8.2.jar:/home/carlos/.m2/repository/org/junit/platform/junit-platform-engine/1.8.2/junit-platform-engine-1.8.2.jar:/home/carlos/.m2/repository/org/mockito/mockito-core/4.5.1/mockito-core-4.5.1.jar:/home/carlos/.m2/repository/net/bytebuddy/byte-buddy/1.12.23/byte-buddy-1.12.23.jar:/home/carlos/.m2/repository/net/bytebuddy/byte-buddy-agent/1.12.23/byte-buddy-agent-1.12.23.jar:/home/carlos/.m2/repository/org/objenesis/objenesis/3.2/objenesis-3.2.jar:/home/carlos/.m2/repository/org/mockito/mockito-junit-jupiter/4.5.1/mockito-junit-jupiter-4.5.1.jar:/home/carlos/.m2/repository/org/skyscreamer/jsonassert/1.5.1/jsonassert-1.5.1.jar:/home/carlos/.m2/repository/com/vaadin/external/google/android-json/0.0.20131108.vaadin1/android-json-0.0.20131108.vaadin1.jar:/home/carlos/.m2/repository/org/springframework/spring-core/5.3.27/spring-core-5.3.27.jar:/home/carlos/.m2/repository/org/springframework/spring-jcl/5.3.27/spring-jcl-5.3.27.jar:/home/carlos/.m2/repository/org/springframework/spring-test/5.3.27/spring-test-5.3.27.jar:/home/carlos/.m2/repository/org/xmlunit/xmlunit-core/2.9.1/xmlunit-core-2.9.1.jar:"/>
    <property name="java.vm.vendor" value="Ubuntu"/>
    <property name="sun.arch.data.model" value="64"/>
    <property name="java.vendor.url" value="https://ubuntu.com/"/>
    <property name="user.timezone" value=""/>
    <property name="java.vm.specification.version" value="11"/>
    <property name="os.name" value="Linux"/>
    <property name="sun.java.launcher" value="SUN_STANDARD"/>
    <property name="user.country" value="US"/>
    <property name="sun.boot.library.path" value="/usr/lib/jvm/java-11-openjdk-amd64/lib"/>
    <property name="sun.java.command" value="/home/carlos/Documents/projects/grpc-project/greeting-service/target/surefire/surefirebooter11577760624372806648.jar /home/carlos/Documents/projects/grpc-project/greeting-service/target/surefire 2023-06-22T01-47-32_565-jvmRun1 surefire2311487761084851703tmp surefire_010291634100900817231tmp"/>
    <property name="jdk.debug" value="release"/>
    <property name="surefire.test.class.path" value="/home/carlos/Documents/projects/grpc-project/greeting-service/target/test-classes:/home/carlos/Documents/projects/grpc-project/greeting-service/target/classes:/home/carlos/.m2/repository/net/devh/grpc-server-spring-boot-starter/2.13.1.RELEASE/grpc-server-spring-boot-starter-2.13.1.RELEASE.jar:/home/carlos/.m2/repository/net/devh/grpc-server-spring-boot-autoconfigure/2.13.1.RELEASE/grpc-server-spring-boot-autoconfigure-2.13.1.RELEASE.jar:/home/carlos/.m2/repository/net/devh/grpc-common-spring-boot/2.13.1.RELEASE/grpc-common-spring-boot-2.13.1.RELEASE.jar:/home/carlos/.m2/repository/io/grpc/grpc-core/1.42.2/grpc-core-1.42.2.jar:/home/carlos/.m2/repository/com/google/code/gson/gson/2.9.1/gson-2.9.1.jar:/home/carlos/.m2/repository/com/google/android/annotations/4.1.1.4/annotations-4.1.1.4.jar:/home/carlos/.m2/repository/io/grpc/grpc-netty-shaded/1.42.2/grpc-netty-shaded-1.42.2.jar:/home/carlos/.m2/repository/io/perfmark/perfmark-api/0.23.0/perfmark-api-0.23.0.jar:/home/carlos/.m2/repository/io/grpc/grpc-services/1.42.2/grpc-services-1.42.2.jar:/home/carlos/.m2/repository/com/google/protobuf/protobuf-java-util/3.18.2/protobuf-java-util-3.18.2.jar:/home/carlos/.m2/repository/io/grpc/grpc-api/1.42.2/grpc-api-1.42.2.jar:/home/carlos/.m2/repository/io/grpc/grpc-context/1.42.2/grpc-context-1.42.2.jar:/home/carlos/.m2/repository/com/cpgp/greeting-common/0.0.1-SNAPSHOT/greeting-common-0.0.1-SNAPSHOT.jar:/home/carlos/.m2/repository/io/grpc/grpc-stub/1.35.0/grpc-stub-1.35.0.jar:/home/carlos/.m2/repository/com/google/guava/guava/30.0-android/guava-30.0-android.jar:/home/carlos/.m2/repository/com/google/guava/failureaccess/1.0.1/failureaccess-1.0.1.jar:/home/carlos/.m2/repository/com/google/guava/listenablefuture/9999.0-empty-to-avoid-conflict-with-guava/listenablefuture-9999.0-empty-to-avoid-conflict-with-guava.jar:/home/carlos/.m2/repository/org/checkerframework/checker-compat-qual/2.5.5/checker-compat-qual-2.5.5.jar:/home/carlos/.m2/repository/com/google/j2objc/j2objc-annotations/1.3/j2objc-annotations-1.3.jar:/home/carlos/.m2/repository/com/google/errorprone/error_prone_annotations/2.4.0/error_prone_annotations-2.4.0.jar:/home/carlos/.m2/repository/org/codehaus/mojo/animal-sniffer-annotations/1.19/animal-sniffer-annotations-1.19.jar:/home/carlos/.m2/repository/com/google/code/findbugs/jsr305/3.0.2/jsr305-3.0.2.jar:/home/carlos/.m2/repository/io/grpc/grpc-protobuf/1.35.0/grpc-protobuf-1.35.0.jar:/home/carlos/.m2/repository/com/google/protobuf/protobuf-java/3.12.0/protobuf-java-3.12.0.jar:/home/carlos/.m2/repository/com/google/api/grpc/proto-google-common-protos/2.0.1/proto-google-common-protos-2.0.1.jar:/home/carlos/.m2/repository/io/grpc/grpc-protobuf-lite/1.35.0/grpc-protobuf-lite-1.35.0.jar:/home/carlos/.m2/repository/org/projectlombok/lombok/1.18.26/lombok-1.18.26.jar:/home/carlos/.m2/repository/org/springframework/boot/spring-boot-starter-test/2.7.12/spring-boot-starter-test-2.7.12.jar:/home/carlos/.m2/repository/org/springframework/boot/spring-boot-starter/2.7.12/spring-boot-starter-2.7.12.jar:/home/carlos/.m2/repository/org/springframework/boot/spring-boot/2.7.12/spring-boot-2.7.12.jar:/home/carlos/.m2/repository/org/springframework/spring-context/5.3.27/spring-context-5.3.27.jar:/home/carlos/.m2/repository/org/springframework/spring-aop/5.3.27/spring-aop-5.3.27.jar:/home/carlos/.m2/repository/org/springframework/spring-beans/5.3.27/spring-beans-5.3.27.jar:/home/carlos/.m2/repository/org/springframework/spring-expression/5.3.27/spring-expression-5.3.27.jar:/home/carlos/.m2/repository/org/springframework/boot/spring-boot-autoconfigure/2.7.12/spring-boot-autoconfigure-2.7.12.jar:/home/carlos/.m2/repository/org/springframework/boot/spring-boot-starter-logging/2.7.12/spring-boot-starter-logging-2.7.12.jar:/home/carlos/.m2/repository/ch/qos/logback/logback-classic/1.2.12/logback-classic-1.2.12.jar:/home/carlos/.m2/repository/ch/qos/logback/logback-core/1.2.12/logback-core-1.2.12.jar:/home/carlos/.m2/repository/org/apache/logging/log4j/log4j-to-slf4j/2.17.2/log4j-to-slf4j-2.17.2.jar:/home/carlos/.m2/repository/org/apache/logging/log4j/log4j-api/2.17.2/log4j-api-2.17.2.jar:/home/carlos/.m2/repository/org/slf4j/jul-to-slf4j/1.7.36/jul-to-slf4j-1.7.36.jar:/home/carlos/.m2/repository/jakarta/annotation/jakarta.annotation-api/1.3.5/jakarta.annotation-api-1.3.5.jar:/home/carlos/.m2/repository/org/yaml/snakeyaml/1.30/snakeyaml-1.30.jar:/home/carlos/.m2/repository/org/springframework/boot/spring-boot-test/2.7.12/spring-boot-test-2.7.12.jar:/home/carlos/.m2/repository/org/springframework/boot/spring-boot-test-autoconfigure/2.7.12/spring-boot-test-autoconfigure-2.7.12.jar:/home/carlos/.m2/repository/com/jayway/jsonpath/json-path/2.7.0/json-path-2.7.0.jar:/home/carlos/.m2/repository/net/minidev/json-smart/2.4.11/json-smart-2.4.11.jar:/home/carlos/.m2/repository/net/minidev/accessors-smart/2.4.11/accessors-smart-2.4.11.jar:/home/carlos/.m2/repository/org/ow2/asm/asm/9.3/asm-9.3.jar:/home/carlos/.m2/repository/org/slf4j/slf4j-api/1.7.36/slf4j-api-1.7.36.jar:/home/carlos/.m2/repository/jakarta/xml/bind/jakarta.xml.bind-api/2.3.3/jakarta.xml.bind-api-2.3.3.jar:/home/carlos/.m2/repository/jakarta/activation/jakarta.activation-api/1.2.2/jakarta.activation-api-1.2.2.jar:/home/carlos/.m2/repository/org/assertj/assertj-core/3.22.0/assertj-core-3.22.0.jar:/home/carlos/.m2/repository/org/hamcrest/hamcrest/2.2/hamcrest-2.2.jar:/home/carlos/.m2/repository/org/junit/jupiter/junit-jupiter/5.8.2/junit-jupiter-5.8.2.jar:/home/carlos/.m2/repository/org/junit/jupiter/junit-jupiter-api/5.8.2/junit-jupiter-api-5.8.2.jar:/home/carlos/.m2/repository/org/opentest4j/opentest4j/1.2.0/opentest4j-1.2.0.jar:/home/carlos/.m2/repository/org/junit/platform/junit-platform-commons/1.8.2/junit-platform-commons-1.8.2.jar:/home/carlos/.m2/repository/org/apiguardian/apiguardian-api/1.1.2/apiguardian-api-1.1.2.jar:/home/carlos/.m2/repository/org/junit/jupiter/junit-jupiter-params/5.8.2/junit-jupiter-params-5.8.2.jar:/home/carlos/.m2/repository/org/junit/jupiter/junit-jupiter-engine/5.8.2/junit-jupiter-engine-5.8.2.jar:/home/carlos/.m2/repository/org/junit/platform/junit-platform-engine/1.8.2/junit-platform-engine-1.8.2.jar:/home/carlos/.m2/repository/org/mockito/mockito-core/4.5.1/mockito-core-4.5.1.jar:/home/carlos/.m2/repository/net/bytebuddy/byte-buddy/1.12.23/byte-buddy-1.12.23.jar:/home/carlos/.m2/repository/net/bytebuddy/byte-buddy-agent/1.12.23/byte-buddy-agent-1.12.23.jar:/home/carlos/.m2/repository/org/objenesis/objenesis/3.2/objenesis-3.2.jar:/home/carlos/.m2/repository/org/mockito/mockito-junit-jupiter/4.5.1/mockito-junit-jupiter-4.5.1.jar:/home/carlos/.m2/repository/org/skyscreamer/jsonassert/1.5.1/jsonassert-1.5.1.jar:/home/carlos/.m2/repository/com/vaadin/external/google/android-json/0.0.20131108.vaadin1/android-json-0.0.20131108.vaadin1.jar:/home/carlos/.m2/repository/org/springframework/spring-core/5.3.27/spring-core-5.3.27.jar:/home/carlos/.m2/repository/org/springframework/spring-jcl/5.3.27/spring-jcl-5.3.27.jar:/home/carlos/.m2/repository/org/springframework/spring-test/5.3.27/spring-test-5.3.27.jar:/home/carlos/.m2/repository/org/xmlunit/xmlunit-core/2.9.1/xmlunit-core-2.9.1.jar:"/>
    <property name="sun.cpu.endian" value="little"/>
    <property name="user.home" value="/home/carlos"/>
    <property name="user.language" value="en"/>
    <property name="java.specification.vendor" value="Oracle Corporation"/>
    <property name="java.version.date" value="2023-04-18"/>
    <property name="java.home" value="/usr/lib/jvm/java-11-openjdk-amd64"/>
    <property name="file.separator" value="/"/>
    <property name="basedir" value="/home/carlos/Documents/projects/grpc-project/greeting-service"/>
    <property name="java.vm.compressedOopsMode" value="32-bit"/>
    <property name="line.separator" value="&#10;"/>
    <property name="java.specification.name" value="Java Platform API Specification"/>
    <property name="java.vm.specification.vendor" value="Oracle Corporation"/>
    <property name="java.awt.graphicsenv" value="sun.awt.X11GraphicsEnvironment"/>
    <property name="surefire.real.class.path" value="/home/carlos/Documents/projects/grpc-project/greeting-service/target/surefire/surefirebooter11577760624372806648.jar"/>
    <property name="sun.management.compiler" value="HotSpot 64-Bit Tiered Compilers"/>
    <property name="java.runtime.version" value="11.0.19+7-post-Ubuntu-0ubuntu120.04.1"/>
    <property name="user.name" value="carlos"/>
    <property name="path.separator" value=":"/>
    <property name="os.version" value="5.15.0-73-generic"/>
    <property name="java.runtime.name" value="OpenJDK Runtime Environment"/>
    <property name="file.encoding" value="UTF-8"/>
    <property name="java.vm.name" value="OpenJDK 64-Bit Server VM"/>
    <property name="localRepository" value="/home/carlos/.m2/repository"/>
    <property name="java.vendor.url.bug" value="https://bugs.launchpad.net/ubuntu/+source/openjdk-lts"/>
    <property name="java.io.tmpdir" value="/tmp"/>
    <property name="java.version" value="11.0.19"/>
    <property name="user.dir" value="/home/carlos/Documents/projects/grpc-project/greeting-service"/>
    <property name="os.arch" value="amd64"/>
    <property name="java.vm.specification.name" value="Java Virtual Machine Specification"/>
    <property name="java.awt.printerjob" value="sun.print.PSPrinterJob"/>
    <property name="sun.os.patch.level" value="unknown"/>
    <property name="java.library.path" value="/usr/java/packages/lib:/usr/lib/x86_64-linux-gnu/jni:/lib/x86_64-linux-gnu:/usr/lib/x86_64-linux-gnu:/usr/lib/jni:/lib:/usr/lib"/>
    <property name="java.vm.info" value="mixed mode, sharing"/>
    <property name="java.vendor" value="Ubuntu"/>
    <property name="java.vm.version" value="11.0.19+7-post-Ubuntu-0ubuntu120.04.1"/>
    <property name="sun.io.unicode.encoding" value="UnicodeLittle"/>
    <property name="java.class.version" value="55.0"/>
  </properties>
  <testcase name="contextLoads" classname="com.cpgp.grpcproject.GrpcProjectApplicationTests" time="0.634"/>
</testsuite>